<?xml version="1.0" encoding="UTF-8"?>
<!-- Generated by org.testng.reporters.JUnitReportReporter -->
<testsuite skipped="0" hostname="DESKTOP-N56VIOP" name="SampleAndroidAutomationTest.AppTest" tests="1" failures="0" timestamp="2021-02-14T18:46:57 IST" time="17.119" errors="0">
  <testcase name="sampleTest" time="17.119" classname="SampleAndroidAutomationTest.AppTest"/>
  <system-out/>
</testsuite> <!-- SampleAndroidAutomationTest.AppTest -->
